[    0.00000 Initalizng croupsusys cpset
[   0.00000] nitilizig cgoup ubys cu
[    0000000Initiaizng croup sbsys puact
[   000000] Linx vesion4.4.0-42-gneri (buldd@gw01amd6-033 (gc versin 5..0 216609 (Uuntu 54.0-ubntu116.0.10)) #18-Ubntu MP Wd Jan 1621:0:45 TC 219 (bunt 44.0-14.18-geeric4.4.7)
[    0000000 Comand ine:BOOTIMAG=/boot/vmlinz-4..0-12-geericrootLABE=clodimgroots o onsoe=ty1 onole=tyS0
[   0000000] KERNELsupprtedcpus
[   0.00000]  Inel GnuinInte
[    .00000]  AD AuhentcAMD
[   0.00000]  Cenaur entarHaus
[   0.0000] x8/fpu xstte_ofset2]: 576,xsate_izs[2]  25
[   00000] x6/fp: Suportng XAV feaure x01: '87 foatingpoin regsters'
[   0.00000 x86pu: Suportng AVE fetue 0x2: 'SE rgistrs'
[   0.00000 x86fpu:Supporting XAVE eatue 0x04 'AV regisers'
[   0.00000] x6/fp: nabld xsate eatues 07, cntext size i 832byes, sing'standrd' orma.
[   0.0000] e80:BIOSprvide pysicalRAM ap:
[    0.00000]BIOSe820 [me 0x00000000000000x0000000009bff]usabe
[  0.00000]BIOS-e0: [mem x000000000fc00-000000000009ffff] rseed
   000000] BS-e820 [me 0x000000000f000-0000000000fffff resrvd
[   0.00000] BS-e820 [me 0x0000000010000-000000003fefff] usale
    .00000] BIOS-e820: [em 000000003ff00-0x0000000ffffff] ACI daa
[   000000] BOS-e20: [mm 0x000000fec000000x000000fec0fff]reseve
[   0.00000]BIS-e80: [em0x000000fe0000-0x000000fee0fff resrved
[   000000] BOS-e20: mem x0000000ffc000-0x000000fffff] reered
    .00000] X (Eecut Disble) potecion:actie
[   000000] SBIOS2.5 reset.
[    .00000 Hypervior dteted: KVM
[   000000] e20: ast_fn =0xff0 ma_arc_pfn= 0x0000000
[    0.00000 MRR: isabed
   000000] x6/PA: MRRs isabed, skppin PATinitaliztiontoo.
[   0.00000] CPUMTRR allblank  vrtuaizedsystem
   0.000000 x86PAT:Configratin [0-7: WB  T  U- UC WB  W  UC UC  
[   0.00000 foud SM MP-ablet [mm 0x009fff-0x009fff]mappd at[fff8800009fff]
[   000000] Sannig 1 reas fr lo memory corrptio
[   0.0000] RADIK: [em 0363000-0x3717bff]
[   000000] API: arlytabl checkum vrifiatio disbld
[   000000] API: RSDP0x000000000E000 00024(v02 VOX  
    .00000] CPI:XSDT0x0000003FFF030 0003 (v01 VBX   VBOXSDT000001 AL  0000061
    0.0000] ACP: FACP0x00000003FF00F000004 (v04VBOX  VBOXACP 000001 AL  0000061
[   0.0000] CPI:DSDT 00000003FFF040 001F (v0 VBO   VOXBIS 0000002 NTL 010028)
[   000000] CPI:FACS0x0000003FF020 00040
[   .00000] AC: ACS x000000003FF020 00040
[  0.00000]ACPI API 0x0000003FF0240 0005C(v02VBX   BOXAIC 0000001 AL  000001)
    .00000 ACP: SST 0x0000003FFF2A0 001C (v0 VBO   VOXCPUT000000 INT 201058)
[    0.00000] o NUMA conigurtionfoun
[   0.00000]Fakinga noe at[mem0x00000000000000-0x0000003fefff
[   0.00000]NOE_ATA() alocatd [mm 0xffeb00-03ffefff]
    .00000] kvmcloc: Usng mrs 4b54d01and b56400
[    0.0000 kvmlock cpu0, mr 0:ffe301, rimary cpu clock
[   0.0000] kv-clok: uing chedoffst of 38801038 yces
[   0.0000]]clcksourc: vmclock: mas: 0xffffffffffff maxcycls: 01cd42edffb maxidlens: 815959143 ns
[   0.00000] ne ranges:
[   0.00000   DA     [mm 0x000000000100-0x00000000fffff
[   0.0000]   DM32    mem x00000001000000x0000003ffefff]
[    .00000]  Noral  empt
[   0.00000]  Devie   mpty
[   000000] Mvabl znestar fr eah noe
[   000000]Earl memry node rangs
[   000000]  node  0:[mem0x000000000100-0x000000009fff]
[    .00000]  node   0:[mem0x0000000010000-x00000003fefff]
[   0.00000 Initmm seupnode0 [mm 0x000000000100-000000003fefff]
    .00000] ACI: P-Timr IO Prt: 0x008
[   000000] IOAIC0]: apicid 2 veion 32 addess xfec0000, SI 023
    0.0000] ACI: INTSRC_OV (bu 0 busirq  globa_irq2 df dfl
    0.0000] ACI:IN_SRC_OR (bus0 bu_irq9 glbal_rq 9low evel
[   0.0000] UsinACPI(MDT for SP cofiuratio infrmatn
[   0.0000 smpboot: Allowing 2 CPUs, 0 hotplug CPUs
[    0.000000] PM: Registered nosave memoy: [em 00000000-x0000fff
[    0.00000] M: Rgisterd noave emor: [mm 0x009f00-0009fff]
[   0.0000]PM Regsterd noave meory:[mem0x00a00000x00efff]
[   00000] PM Regstered nsaveemory:[mem0x00f0000-x00ffff]
[   000000] e20: mem x40000000xfeffff] avilabe or PI deices
[   0.0000] Botingpaavirtulized erne on VM
    .00000] clcksorce:refiedjiffes: mak: 0xfffffff mx_cyles:0xffffff, ax_ie_ns: 645596001156 ns
[   0.00000 setp_pecpu: NR_CPS:51 nr_pumak_bits512 r_cp_ids nr_noe_id:1
   0.00000] ERCP: Emedde 34 agescpu @fff8803fc0000s9940 r892 d1592u104576
[   000000]Built 1 onelst in Nod oder,obilty groupng o.  Totl ages 25712
[    0.0000] Pocy ze: DA3
[   0.0000] Kenel mman lin: BOOT_IAGE=boot/vmlinuz-4.4.0-42-gneri roo=LABL=cldimgroots roconsletty1consle=tyS0
[   0000000] IDhash  taleentres: 096 rdr: 3 3768 ytes
[   0.0000] Meory:99772K/148120Kavilable (863K kerel cde, 1332 rwdta, 04K odat, 144Knit,1316K ss, 0388 resrved 0K ma-rservd)
    .00000] LUB:HWalgn=6, Orde=0-3 Minbjcts=0, CPs=2,Node=1
[   0.0000] Kenel/ser pae tales solaion:enabed
    .00000] iearchcal CU ilementtion
[  0.00000 	Build-tie adjutmen of eaf anou to 4.
    .00000] RCU estrctin CPU froNR_CUS512 to nr_cp_is=2.
[   000000] RC Adjstin geotry fo ru_anou_lea=6, nr_cu_is=2
[   0.0000] NRIRQS33024 r_irs:44 1
[   0.0000 Conole:colourVGA+ 8x25
[   000000] cnsle [ty1]enabed
    .00000] onsoe [tyS] enbled
[   .000000] tsc: Detected 1800.001 MHz processor
[   60.778080] Calibrating delay loop (skipped) preset value.. 3600.00 BogoMIPS (lpj=7200004)
[   61.049855] pid_max: default: 32768 minimum: 301
[   61.162163] ACPI: Core revision 20150930
[   61.289869] ACPI: 2 ACPI AML tables successfully acquired and loaded
[   61.475670] Security Framework initialized
[   61.601462] Yama: becoming mindful.
[   61.699743] AppArmor: AppArmor initialized
[   61.818983] Dentry cache hash table entries: 131072 (order: 8, 1048576 bytes)
[   62.026511] Inode-cache hash table entries: 65536 (order: 7, 524288 bytes)
[   62.235915] Mount-cache hash table entries: 2048 (order: 2, 16384 bytes)
[   62.457329] Mountpoint-cache hash table entries: 2048 (order: 2, 16384 bytes)
[   62.671127] Initializing cgroup subsys io
[   62.811143] Initializing cgroup subsys memory
[   62.919157] Initializing cgroup subsys devices
[   63.026475] Initializing cgroup subsys freezer
[   63.127736] Initializing cgroup subsys net_cls
[   63.273813] Initializing cgroup subsys perf_event
[   63.431178] Initializing cgroup subsys net_prio
[   63.569489] Initializing cgroup subsys hugetlb
[   63.702952] Initializing cgroup subsys pids
[   63.827927] mce: CPU supports 0 MCE banks
[   63.960457] Last level iTLB entries: 4KB 64, 2MB 8, 4MB 8
[   64.103932] Last level dTLB entries: 4KB 64, 2MB 0, 4MB 0, 1GB 4
[   64.236567] Spectre V2 : Mitigation: Full generic retpoline
[   64.385649] Spectre V2 : Spectre v2 / SpectreRSB mitigation: Filling RSB on context switch
[   64.639538] Speculative Store Bypass: Vulnerable
[   64.800227] Freeing SMP alternatives memory: 32K
[   64.960089] ftrace: allocating 32277 entries in 127 pages
[   65.266873] smpboot: APIC(0) Converting physical 0 to logical package 0
[   65.450896] smpboot: Max logical packages: 1
[   65.561646] x2apic enabled
[   65.638112] Switched APIC routing to physical x2apic.
[   65.787516] ..TIMER: vector=0x30 apic1=0 pin1=2 apic2=-1 pin2=-1
[   66.075706] smpboot: CPU0: Intel(R) Core(TM) i5-8250U CPU @ 1.60GHz (family: 0x6, model: 0x8e, stepping: 0xa)
[   66.382983] Performance Events: unsupported p6 CPU model 142 no PMU driver, software events only.
[   66.656901] KVM setup paravirtual spinlock
[   66.760889] x86: Booting SMP configuration:
[   66.892976] .... node  #0, CPUs:      #1
[   67.003975] kvm-clock: cpu 1, msr 0:3ffe3041, secondary cpu clock
[   67.183616] mce: CPU supports 0 MCE banks
[   67.279048] x86: Booted up 1 node, 2 CPUs
[   67.396426] smpboot: Total of 2 processors activated (7200.00 BogoMIPS)
[   67.598430] devtmpfs: initialized
[   67.693332] evm: security.selinux
[   67.756513] evm: security.SMACK64
[   67.841181] evm: security.SMACK64EXEC
[   67.922040] evm: security.SMACK64TRANSMUTE
[   68.012513] evm: security.SMACK64MMAP
[   68.113039] evm: security.ima
[   68.205297] evm: security.capability
[   68.302839] clocksource: jiffies: mask: 0xffffffff max_cycles: 0xffffffff, max_idle_ns: 7645041785100000 ns
[   68.615024] futex hash table entries: 512 (order: 3, 32768 bytes)
[   68.797131] pinctrl core: initialized pinctrl subsystem
[   68.933749] RTC time: 22:46:43, date: 02/22/19
[   69.013064] NET: Registered protocol family 16
[   69.073027] cpuidle: using governor ladder
[   69.173145] cpuidle: using governor menu
[   69.305277] PCCT header not found.
[   69.416014] ACPI: bus type PCI registered
[   69.549607] acpiphp: ACPI Hot Plug PCI Controller Driver version: 0.5
[   69.745217] PCI: Using configuration type 1 for base access
[   69.935237] ACPI: Added _OSI(Module Device)
[   70.056969] ACPI: Added _OSI(Processor Device)
[   70.172230] ACPI: Added _OSI(3.0 _SCP Extensions)
[   70.283049] ACPI: Added _OSI(Processor Aggregator Device)
[   70.413678] ACPI: Executed 1 blocks of module-level executable AML code
[   70.594747] ACPI: Interpreter enabled
[   70.677208] ACPI: (supports S0 S5)
[   70.729368] ACPI: Using IOAPIC for interrupt routing
[   70.876429] PCI: Using host bridge windows from ACPI; if necessary, use "pci=nocrs" and report a bug
[   71.159563] ACPI: PCI Root Bridge [PCI0] (domain 0000 [bus 00-ff])
[   71.338169] acpi PNP0A03:00: _OSC: OS supports [ASPM ClockPM Segments MSI]
[   71.495323] acpi PNP0A03:00: _OSC: not requesting OS control; OS requires [ExtendedConfig ASPM ClockPM MSI]
[   71.758614] acpi PNP0A03:00: fail to add MMCONFIG information, can't access extended PCI configuration space under this bridge.
[   72.078715] PCI host bridge to bus 0000:00
[   72.213190] pci_bus 0000:00: root bus resource [io  0x0000-0x0cf7 window]
[   72.437264] pci_bus 0000:00: root bus resource [io  0x0d00-0xffff window]
[   72.570803] pci_bus 0000:00: root bus resource [mem 0x000a0000-0x000bffff window]
[   72.728013] pci_bus 0000:00: root bus resource [mem 0x40000000-0xfdffffff window]
[   72.913856] pci_bus 0000:00: root bus resource [bus 00-ff]
[   73.071368] pci 0000:00:01.1: legacy IDE quirk: reg 0x10: [io  0x01f0-0x01f7]
[   73.279834] pci 0000:00:01.1: legacy IDE quirk: reg 0x14: [io  0x03f6]
[   73.449742] pci 0000:00:01.1: legacy IDE quirk: reg 0x18: [io  0x0170-0x0177]
[   73.640907] pci 0000:00:01.1: legacy IDE quirk: reg 0x1c: [io  0x0376]
[   73.813916] pci 0000:00:07.0: quirk: [io  0x4000-0x403f] claimed by PIIX4 ACPI
[   73.932262] pci 0000:00:07.0: quirk: [io  0x4100-0x410f] claimed by PIIX4 SMB
[   74.010065] ACPI: PCI Interrupt Link [LNKA] (IRQs 5 9 10 *11)
[   74.105212] ACPI: PCI Interrupt Link [LNKB] (IRQs 5 9 *10 11)
[   74.237781] ACPI: PCI Interrupt Link [LNKC] (IRQs 5 *9 10 11)
[   74.422121] ACPI: PCI Interrupt Link [LNKD] (IRQs 5 9 10 *11)
[   74.574148] ACPI: Enabled 2 GPEs in block 00 to 07
[   74.686411] vgaarb: setting as boot device: PCI:0000:00:02.0
[   74.854486] vgaarb: device added: PCI:0000:00:02.0,decodes=io+mem,owns=io+mem,locks=none
[   75.078750] vgaarb: loaded
[   75.130528] vgaarb: bridge control possible 0000:00:02.0
[   75.167856] SCSI subsystem initialized
[   75.251290] ACPI: bus type USB registered
[   75.373983] usbcore: registered new interface driver usbfs
[   75.555248] usbcore: registered new interface driver hub
[   75.706411] usbcore: registered new device driver usb
[   75.875779] PCI: Using ACPI for IRQ routing
[   76.003608] NetLabel: Initializing
[   76.070166] NetLabel:  domain hash size = 128
[   76.100279] NetLabel:  protocols = UNLABELED CIPSOv4
[   76.256869] NetLabel:  unlabeled traffic allowed by default
[   76.384258] amd_nb: Cannot enumerate AMD northbridges
[   76.531023] clocksource: Switched to clocksource kvm-clock
[   .694 AArmor: AArr ilysm naed
[ 77327]npPnP PIni
[ 78842]pn P APIfod 3 eves
[   79.302229] clocksource: acpi_pm: mask: 0xffffff max_cycles: 0xffffff, max_idle_ns: 2085701024 ns
[   79.541905] NET: Registered protocol family 2
[   79.643165] TCP established hash table entries: 8192 (order: 4, 65536 bytes)
[   79.826177] TCP bind hash table entries: 8192 (order: 5, 131072 bytes)
[   79.971807] TCP: Hash tables configured (established 8192 bind 8192)
[   80.054810] UDP hash table entries: 512 (order: 2, 16384 bytes)
[   80.210805] UDP-Lite hash table entries: 512 (order: 2, 16384 bytes)
[   80.352901] NET: Registered protocol family 1
[   80.489953] pci 0000:00:00.0: Limiting direct PCI/PCI transfers
[   80.675331] pci 0000:00:01.0: Activating ISA DMA hang workarounds
[   80.924044] Unpacking initramfs...
[   81.377751] Freeing initrd memory: 14800K
[   81.474666] platform rtc_cmos: registered platform RTC device (no PNP device found)
[   81.677869] Scanning for low memory corruption every 60 seconds
[   81.831739] audit: initializing netlink subsys (disabled)
[   81.975530] audit: type=2000 audit(1550875547.033:1): initialized
[   82.141218] Initialise system trusted keyring
[   82.262279] HugeTLB registered 2 MB page size, pre-allocated 0 pages
[ 82977]bu lde
[  82.95053ts Rin T cckouce liatn:79.417 MHz

[   84573]losocets mk:0xfffffffff x_cl: 1902d5 m_iles:40795219ns
[   .174 V: isquasquot.6
[   84.158802] VFS: Dquot-cache hash table entries: 512 (order 0, 4096 bytes)
[   84.159382] squashfs: version 4.0 (2009/01/31) Phillip Lougher
[   84.159866] fuse init (API version 7.23)
[   84.160119] Key type big_key registered
[   84.160151] Allocating IMA MOK and blacklist keyrings.
[   84.160604] Key type asymmetric registered
[   84.160607] Asymmetric key parser 'x509' registered
[   84.160674] Block layer SCSI generic (bsg) driver version 0.4 loaded (major 249)
[   84.160728] io scheduler noop registered
[   84.160732] io scheduler deadline registered (default)
[   84.160789] io scheduler cfq registered
[   84.160979] pci_hotplug: PCI Hot Plug PCI Core version: 0.5
[   84.160991] pciehp: PCI Express Hot Plug Controller Driver version: 0.4
[   84.161251] ACPI: AC Adapter [AC] (off-line)
[   84.161364] input: Power Button as /devices/LNXSYSTM:00/LNXPWRBN:00/input/input0
[   84.161369] ACPI: Power Button [PWRF]
[   84.161547] input: Sleep Button as /devices/LNXSYSTM:00/LNXSLPBN:00/input/input1
[   84.161551] ACPI: Sleep Button [SLPF]
[   84.161828] GHES: HEST is not enabled!
[   84.161987] Serial: 8250/16550 driver, 32 ports, IRQ sharing enabled
[   86.410638] 00:02: ttyS0 at I/O 0x3f8 (irq = 4, base_baud = 115200) is a 16550A
[   87.276405] Linux agpgart interface v0.103
[   87.382714] loop: module loaded
[   87.383895] scsi host0: ata_piix
[   87.384045] scsi host1: ata_piix
[   87.384115] ata1: PATA max UDMA/33 cmd 0x1f0 ctl 0x3f6 bmdma 0xd000 irq 14
[   87.384117] ata2: PATA max UDMA/33 cmd 0x170 ctl 0x376 bmdma 0xd008 irq 15
[   87.384265] libphy: Fixed MDIO Bus: probed
[   87.384270] tun: Universal TUN/TAP device driver, 1.6
[   87.384271] tun: (C) 1999-2004 Max Krasnyansky <maxk@qualcomm.com>
[   87.384340] PPP generic driver version 2.4.2
[   87.384433] ehci_hcd: USB 2.0 'Enhanced' Host Controller (EHCI) Driver
[   87.384439] ehci-pci: EHCI PCI platform driver
[   87.384457] ehci-platform: EHCI generic platform driver
[   87.384473] ohci_hcd: USB 1.1 'Open' Host Controller (OHCI) Driver
[   87.384478] ohci-pci: OHCI PCI platform driver
[   87.384497] ohci-platform: OHCI generic platform driver
[   87.384512] uhci_hcd: USB Universal Host Controller Interface driver
[   87.384640] i8042: PNP: PS/2 Controller [PNP0303:PS2K,PNP0f03:PS2M] at 0x60,0x64 irq 1,12
[   87.386758] ACPI: Battery Slot [BAT0] (battery present)
[   87.575749] serio: i8042 KBD port at 0x60,0x64 irq 1
[   87.575759] serio: i8042 AUX port at 0x60,0x64 irq 12
[   87.576379] mousedev: PS/2 mouse device common for all mice
[   87.576904] rtc_cmos rtc_cmos: rtc core: registered rtc_cmos as rtc0
[   87.577018] rtc_cmos rtc_cmos: alarms up to one day, 114 bytes nvram
[   87.577029] i2c /dev entries driver
[   87.577107] device-mapper: uevent: version 1.0.3
[   87.577196] device-mapper: ioctl: 4.34.0-ioctl (2015-10-28) initialised: dm-devel@redhat.com
[   87.577228] ledtrig-cpu: registered to indicate activity on CPUs
[   87.577714] NET: Registered protocol family 10
[   87.577969] NET: Registered protocol family 17
[   87.577997] Key type dns_resolver registered
[   87.578459] registered taskstats version 1
[   87.578524] Loading compiled-in X.509 certificates
[   87.579523] Loaded X.509 cert 'Build time autogenerated kernel key: bff73e56bc0efa7435b2a24f5427674623f1be80'
[   87.579548] zswap: loaded using pool lzo/zbud
[   87.581935] Key type trusted registered
[   87.586660] Key type encrypted registered
[   87.586668] AppArmor: AppArmor sha1 policy hashing enabled
[   87.586673] ima: No TPM chip found, activating TPM-bypass!
[   87.586680] ima: Allocated hash algorithm: sha1
[   87.586702] evm: HMAC attrs: 0x1
[   87.587248]   Magic number: 7:200:806
[   87.699021] rtc_cmos rtc_cmos: setting system clock to 2019-02-22 22:47:02 UTC (1550875622)
[   87.699311] BIOS EDD facility v0.16 2004-Jun-25, 0 devices found
[   87.699312] EDD information not available.
[   88.469936] input: AT Translated Set 2 keyboard as /devices/platform/i8042/serio0/input/input2
[   96.208163] Freeing unused kernel memory: 1484K
[   96.391457] Write protecting the kernel read-only data: 14336k
[   96.581867] Freeing unused kernel memory: 1624K
[   96.739284] Freeing unused kernel memory: 92K
Loading, please wait...
[   96.836081] random: systemd-udevd: uninitialized urandom read (16 bytes read, 7 bits of entropy available)
starting version[   96.836595] random: udevadm: uninitialized urandom read (16 bytes read, 7 bits of entropy available)
 229
[   96.836615] random: udevadm: uninitialized urandom read (16 bytes read, 7 bits of entropy available)
[   96.845274] random: udevadm: uninitialized urandom read (16 bytes read, 7 bits of entropy available)
[   96.845317] random: udevadm: uninitialized urandom read (16 bytes read, 7 bits of entropy available)
[   96.845441] random: udevadm: uninitialized urandom read (16 bytes read, 7 bits of entropy available)
[   96.845485] random: udevadm: uninitialized urandom read (16 bytes read, 7 bits of entropy available)
[   96.845528] random: udevadm: uninitialized urandom read (16 bytes read, 7 bits of entropy available)
[   96.845573] random: udevadm: uninitialized urandom read (16 bytes read, 7 bits of entropy available)
[   96.845646] random: udevadm: uninitialized urandom read (16 bytes read, 7 bits of entropy available)
[   99.389539] e1000: Intel(R) PRO/1000 Network Driver - version 7.3.21-k8-NAPI
[   99.520674] e1000: Copyright (c) 1999-2006 Intel Corporation.
[   99.662630] Fusion MPT base driver 3.04.20
[   99.773643] Copyright (c) 1999-2008 LSI Corporation
[   99.899372] Fusion MPT SPI Host driver 3.04.20
[  100.014923] AVX2 version of gcm_enc/dec engaged.
[  100.138815] AES CTR mode by8 optimization enabled
[  100.270708] input: ImExPS/2 Generic Explorer Mouse as /devices/platform/i8042/serio1/input/input4
[  100.508212] e1000 0000:00:03.0 eth0: (PCI:33MHz:32-bit) 02:22:14:82:b3:e3
[  100.612504] e1000 0000:00:03.0 eth0: Intel(R) PRO/1000 Network Connection
[  100.675608] e1000 0000:00:03.0 enp0s3: renamed from eth0
[  100.675628] mptbase: ioc0: Initiating bringup
[  100.740123] ioc0: LSI53C1030 A0: Capabilities={Initiator}
[  101.189611] scsi host2: ioc0: LSI53C1030 A0, FwRev=00000000h, Ports=1, MaxQ=256, IRQ=20
[  101.592556] scsi 2:0:0:0: Direct-Access     VBOX     HARDDISK         1.0  PQ: 0 ANSI: 5
[  102.094385] scsi target2:0:0: Beginning Domain Validation
[  102.272840] scsi target2:0:0: Domain Validation skipping write tests
[  102.459369] scsi target2:0:0: Ending Domain Validation
[  102.578921] scsi target2:0:0: asynchronous
[  102.686635] scsi 2:0:1:0: Direct-Access     VBOX     HARDDISK         1.0  PQ: 0 ANSI: 5
[  102.882026] scsi target2:0:1: Beginning Domain Validation
[  103.022146] scsi target2:0:1: Domain Validation skipping write tests
[  103.138460] scsi target2:0:1: Ending Domain Validation
[  103.273884] scsi target2:0:1: asynchronous
[  103.378250] sd 2:0:0:0: [sda] 20971520 512-byte logical blocks: (10.7 GB/10.0 GiB)
[  103.652817] sd 2:0:0:0: Attached scsi generic sg0 type 0
[  103.840833] sd 2:0:1:0: [sdb] 20480 512-byte logical blocks: (10.5 MB/10.0 MiB)
[  103.841156] sd 2:0:0:0: [sda] Write Protect is off
[  103.841469] sd 2:0:0:0: [sda] Incomplete mode parameter data
[  103.841474] sd 2:0:0:0: [sda] Assuming drive cache: write through
[  103.909937]  sda: sda1
[  103.912470] sd 2:0:0:0: [sda] Attached SCSI disk
[  104.071081] sd 2:0:1:0: Attached scsi generic sg1 type 0
[  104.661687] sd 2:0:1:0: [sdb] Write Protect is off
[  104.711275] sd 2:0:1:0: [sdb] Incomplete mode parameter data
[  104.805950] sd 2:0:1:0: [sdb] Assuming drive cache: write through
[  104.848991] sd 2:0:1:0: [sdb] Attached SCSI disk
Begin: Loading e[  107.025101] md: linear personality registered for level -1
ssential drivers[  107.224825] md: multipath personality registered for level -4
 ... [  107.388885] md: raid0 personality registered for level 0
[  107.557894] md: raid1 personality registered for level 1
[  107.779671] raid6: sse2x1   gen()  5711 MB/s
[  107.951817] raid6: sse2x1   xor()  5565 MB/s
[  108.107412] raid6: sse2x2   gen()  5789 MB/s
[  108.291096] raid6: sse2x2   xor()  4046 MB/s
[  108.503264] raid6: sse2x4   gen()  6647 MB/s
[  108.711919] raid6: sse2x4   xor()  4603 MB/s
[  108.903907] raid6: avx2x1   gen()  9364 MB/s
[  109.079059] raid6: avx2x2   gen() 12331 MB/s
[  109.243647] raid6: avx2x4   gen() 16009 MB/s
[  109.370507] raid6: using algorithm avx2x4 gen() 16009 MB/s
[  109.528321] raid6: using avx2x2 recovery algorithm
[  109.663897] xor: automatically using best checksumming function:
[  109.903140]    avx       : 10736.000 MB/sec
[  110.019141] async_tx: api initialized (async)
[  110.181047] md: raid6 personality registered for level 6
[  110.305227] md: raid5 personality registered for level 5
[  110.394974] md: raid4 personality registered for level 4
[  110.518655] md: raid10 personality registered for level 10
done.
Begin: Running /scripts/init-premount ... done[  110.703542] Btrfs loaded
.
Begin: Mounting root file system ... Begin: Running /scripts/local-top ... done.
Begin: Running /scripts/local-premount ... Scanning for Btrfs filesystems
[  110.938499] EXT4-fs (sda1): mounted filesystem with ordered data mode. Opts: (null)
done.
Warning: fsck not present, so skipping root file system
done.
Begin: Running /scripts/local-bottom ... done.
Begin: Running /scripts/init-bottom ... done.
[  111.414991] systemd[1]: systemd 229 running in system mode. (+PAM +AUDIT +SELINUX +IMA +APPARMOR +SMACK +SYSVINIT +UTMP +LIBCRYPTSETUP +GCRYPT +GNUTLS +ACL +XZ -LZ4 +SECCOMP +BLKID +ELFUTILS +KMOD -IDN)
[  111.793580] systemd[1]: Detected virtualization oracle.
[  111.967457] systemd[1]: Detected architecture x86-64.

Welcome to [1mUbuntu 16.04.5 LTS[0m!

[  112.2652]anomnoloin pl s itlize

[  113.203525] systemd[1]: Set hostname to <ubuntu>.
[ 13104] ste[1 Initiaizg achi Ifr rdogerar.
[  114.831354] systemd[1]: Installed transient /etc/machine-id file.
[  115.353739] systemd[1]: Listening on Device-mapper event daemon FIFOs.
[[0;32m  OK  [0m] Listening on Device-mapper event daemon FIFOs.
[  115.596234] systemd[1]: Listening on udev Control Socket.
[[0;32m  OK  [0m] Listening on udev Control Socket.
[  115.836613] systemd[1]: Started Forward Password Requests to Wall Directory Watch.
[[0;32m  OK  [0m] Started Forward Password Requests to Wall Directory Watch.
[  116.163976] systemd[1]: Reached target System Time Synchronized.
[[0;32m  OK  [0m] Reached target System Time Synchronized.
[  116.374680] systemd[1]: Listening on /dev/initctl Compatibility Named Pipe.
[[0;32m  OK  [0m] Listening on /dev/initctl Compatibility Named Pipe.
[  116.452114] systemd[1]: Reached target Encrypted Volumes.
[[0;32m  OK  [0m] Reached target Encrypted Volumes.
[  116.676572] systemd[1]: Reached target Swap.
[[0;32m  OK  [0m] Reached target Swap.
[  116.856303] systemd[1]: Reached target User and Group Name Lookups.
[[0;32m  OK  [0m] Reached target User and Group Name Lookups.
[  117.156623] systemd[1]: Created slice System Slice.
[[0;32m  OK  [0m] Created slice System Slice.
[  117.403135] systemd[1]: Created slice system-serial\x2dgetty.slice.
[[0;32m  OK  [0m] Created slice system-serial\x2dgetty.slice.
[  117.630323] systemd[1]: Listening on Journal Socket (/dev/log).
[[0;32m  OK  [0m] Listening on Journal Socket (/dev/log).
[  117.924564] systemd[1]: Set up automount Arbitrary Executable File Formats File System Automount Point.
[[0;32m  OK  [0m] Set up automount Arbitrary Executab...ats File System Automount Point.
[  118.148981] systemd[1]: Listening on Syslog Socket.
[[0;32m  OK  [0m] Listening on Syslog Socket.
[  118.364460] systemd[1]: Created slice User and Session Slice.
[[0;32m  OK  [0m] Created slice User and Session Slice.
[  118.632388] systemd[1]: Reached target Slices.
[[0;32m  OK  [0m] Reached target Slices.
[  118.736002] systemd[1]: Listening on LVM2 metadata daemon socket.
[[0;32m  OK  [0m] Listening on LVM2 metadata daemon socket.
[  118.920119] systemd[1]: Listening on LVM2 poll daemon socket.
[[0;32m  OK  [0m] Listening on LVM2 poll daemon socket.
[  119.180671] systemd[1]: Listening on udev Kernel Socket.
[[0;32m  OK  [0m] Listening on udev Kernel Socket.
[  119.428691] systemd[1]: Listening on Journal Audit Socket.
[[0;32m  OK  [0m] Listening on Journal Audit Socket.
[  119.631883] systemd[1]: Started Trigger resolvconf update for networkd DNS.
[[0;32m  OK  [0m] Started Trigger resolvconf update for networkd DNS.
[  119.927958] systemd[1]: Listening on Journal Socket.
[[0;32m  OK  [0m] Listening on Journal Socket.
[  120.079197] systemd[1]: Starting Nameserver information manager...
         Starting Nameserver information manager...
[  120.195241] systemd[1]: Mounting Debug File System...
         Mounting Debug File System...
[  120.371763] systemd[1]: Starting Set console keymap...
         Starting Set console keymap...
[  120.576526] systemd[1]: Starting Create list of required static device nodes for the current kernel...
         Starting Create list of required st... nodes for the current kernel...
[  120.992147] systemd[1]: Starting Monitoring of LVM2 mirrors, snapshots etc. using dmeventd or progress polling...
         Starting Monitoring of LVM2 mirrors... dmeventd or progress polling...
[  121.335798] systemd[1]: Starting Remount Root and Kernel File Systems...
[  121.340419] EXT4-fs (sda1): re-mounted. Opts: (null)
         Starting Remount Root and Kernel File Systems...
[  121.467889] systemd[1]: Starting Journal Service...
         Starting Journal Service...
[  121.671820] systemd[1]: Starting Load Kernel Modules...
[  1218190LodingSC tnsrtla v.070

         Starting Load Kernel Modules...
[  122.884540] systemd[1]: Starting Uncomplicated firewall...
         Starting Uncomplicated firewall...
[  123.071676] systemd[1]: Mounting Huge Pages File System...
         Mountin[  123.178781] iscsi: registered transport (tcp)
g Huge Pages File System...
[  123.297955] iscsi: registered transport (iser)
[  125.167484] systemd[1]: Mounting POSIX Message Queue File System...
         Mounting POSIX Message Queue File System...
[  125.445897] systemd[1]: Mounted Debug File System.
[[0;32m  OK  [0m] Mounted Debug File System.
[ 25487]syem[1]: MouedHue Pas File Sysem

[[0;32m  OK  [0m] Mounted Huge Pages File System.
[ 2666286]syem[1]: Mund OSIXesgeue Fle Ste
[[0;32m  OK  [0m] Mounted POSIX Message Queue File System.
[ 27.964140]systmd1]: ard url rve.
[[0;32m  OK  [0m] Started Journal Service.
[[0;32m  OK  [0m] Started Set console keymap.
[[0;32m  OK  [0m] Started Create list of required sta...ce nodes for the current kernel.
[[0;32m  OK  [0m] Started Remount Root and Kernel File Systems.
[[0;32m  OK  [0m] Started Load Kernel Modules.
[[0;32m  OK  [0m] Started Uncomplicated firewall.
[[0;32m  OK  [0m] Started Nameserver information manager.
[[0;32m  OK  [0m] Started LVM2 metadata daemon.
         Starting Apply Kernel Variables...
         Mounting FUSE Control File System...
         Starting udev Coldplug all Devices...
         Starting Load/Save Random Seed...
         Starting Create Static Device Nodes in /dev...
         Starting Flush Journal to Persistent Storage...
[[0;32m  OK  [0m] Mounted FUSE Control File System.
[[0;32m  OK  [0m] Started Monitoring of LVM2 mirrors,...ng dmeventd or progress polling.
[[0;32m  OK  [0m] Started Apply Kernel Variables.
[[0;32m  OK  [0m] Started Load/Save Random Seed.
[[0;32m  OK  [0m] Started Create Static Device Nodes in /dev.
[[0;32m  OK  [0m] Started udev Coldplug all Devices.
         Starting udev Kernel Device Manager...
[[0;32m  OK  [0m] Reached target Local File Systems (Pre).
[[0;32m  OK  [0m] Reached target Local File Systems.
         Starting Set console font and keymap...
         Starting Initial cloud-init job (pre-networking)...
         Starting Commit a transient machine-id on disk...
         Starting Tell Plymouth To Write Out Runtime Data...
         Starting LSB: AppArmor initialization...
[[0;32m  OK  [0m] Started udev Kernel Device Manager.
[[0;32m  OK  [0m] Started Flush Journal to Persistent Storage.
[[0;32m  OK  [0m] Started Commit a transient machine-id on disk.
[[0;32m  OK  [0m[   57.736281] ] cloud-initStarted Set console font and keymap.[496]: 
Cloud-init v. 18.4-0ubuntu1~16.04.2 running 'init-local' at Fri, 22 Feb 2019 22:47:47 +0000. Up 57.05 seconds.
[[0;32m  OK  [0m] Started Tell Plymouth To Write Out Runtime Data.
[[0;32m  OK  [0m] Started Initial cloud-init job (pre-networking).
[[0;32m  OK  [0m] Found device /dev/ttyS0.
[[0;32m  OK  [0m] Listening on Load/Save RF Kill Switch Status /dev/rfkill Watch.
[[0;32m  OK  [0m] Reached target Network (Pre).
[[0;32m  OK  [0m] Created slice system-getty.slice.
         Starting Create Volatile Files and Directories...
[[0;32m  OK  [0m] Started Dispatch Password Requests to Console Directory Watch.
[[0;32m  OK  [0m] Started Create Volatile Files and Directories.
         Starting Update UTMP about System Boot/Shutdown...
[[0;32m  OK  [0m] Started Update UTMP about System Boot/Shutdown.
[[0;32m  OK  [0m] Started LSB: AppArmor initialization.
         Starting Raise network interfaces...
[[0;32m  OK  [0m] Started Raise network interfaces.
[[0;32m  OK  [0m] Reached target Network.
         Starting Initial cloud-init job (metadata service crawler)...
[   63.401690] cloud-init[922]: Cloud-init v. 18.4-0ubuntu1~16.04.2 running 'init' at Fri, 22 Feb 2019 22:47:52 +0000. Up 62.05 seconds.
[   63.547088] [cloud-init[0;32m  OK  [0m[922]: ] ci-info: ++++++++++++++++++++++++++++++++++++++Net device info++++++++++++++++++++++++++++++++++++++Started Initial cloud-init job (metadata service crawler).

[   63.548281] cloud-init[922]: ci-info: +--------+------+----------------------------+---------------+--------+-------------------+
[   63.969147] [cloud-init[0;32m  OK  [0m[922]: ] ci-info: | Device |  Up  |          Address           |      Mask     | Scope  |     Hw-Address    |Reached target Network is Online.

[   63.971089] cloud-init[922]: ci-info: +--------+------+----------------------------+---------------+--------+-------------------+
[   64.325659]          cloud-initStarting iSCSI initiator daemon (iscsid)...[922]: 
ci-info: | enp0s3 | True |         10.0.2.15          | 255.255.255.0 | global | 02:22:14:82:b3:e3 |
[   64.573874] [cloud-init[0;32m  OK  [0m[922]: ] ci-info: | enp0s3 | True | fe80::22:14ff:fe82:b3e3/64 |       .       |  link  | 02:22:14:82:b3:e3 |Reached target Cloud-config availability.

[   64.829124] cloud-init[922]: ci-info: |   lo   | True |         127.0.0.1          |   255.0.0.0   |  host  |         .         |
[[0;32m  OK  [0m] Reached target System Initialization.
[   64.831123] [cloud-init[0;32m  OK  [0m[922]: ] ci-info: |   lo   | True |          ::1/128           |       .       |  host  |         .         |Started Daily Cleanup of Temporary Directories.

[   65.058558] [cloud-init[0;32m  OK  [0m[922]: ] ci-info: +--------+------+----------------------------+---------------+--------+-------------------+Started Daily apt download activities.

[   65.533064]          cloud-initStarting Socket activation for snappy daemon.[922]: 
ci-info: +++++++++++++++++++++++++++Route IPv4 info++++++++++++++++++++++++++++
[   65.765068] [cloud-init[0;32m  OK  [0m[922]: ] ci-info: +-------+-------------+----------+---------------+-----------+-------+Listening on ACPID Listen Socket.

[   65.767099] cloud-init[922]: ci-info: | Route | Destination | Gateway  |    Genmask    | Interface | Flags |
[   66.079014]          cloud-initStarting LXD - unix socket.[922]: 
ci-info: +-------+-------------+----------+---------------+-----------+-------+
[   66.296827] [cloud-init[0;32m  OK  [0m[922]: ] ci-info: |   0   |   0.0.0.0   | 10.0.2.2 |    0.0.0.0    |   enp0s3  |   UG  |Listening on UUID daemon activation socket.

[   66.298024] [cloud-init[0;32m  OK  [0m[922]: ] ci-info: |   1   |   10.0.2.0  | 0.0.0.0  | 255.255.255.0 |   enp0s3  |   U   |Listening on D-Bus System Message Bus Socket.

[   66.499883] [cloud-init[0;32m  OK  [0m[922]: ] ci-info: +-------+-------------+----------+---------------+-----------+-------+Started Daily apt upgrade and clean activities.

[   66.699958] [cloud-init[0;32m  OK  [0m[922]: ] ci-info: +++++++++++++++++++Route IPv6 info+++++++++++++++++++Reached target Timers.

[   66.899505] cloud-init[922]: ci-info: +-------+-------------+---------+-----------+-------+
[   67.194241] cloud-init[922]: ci-info: | Route | Destination | Gateway | Interface | Flags |
[[0;32m  OK  [0m] Started ACPI Events Check.
[   67.196434] [cloud-init[0;32m  OK  [0m[922]: ] ci-info: +-------+-------------+---------+-----------+-------+Reached target Paths.

[   67.347770] cloud-init[922]: ci-info: |   0   |  fe80::/64  |    ::   |   enp0s3  |   U   |
[   67.617429] [cloud-init[0;32m  OK  [0m[922]: ] ci-info: |   3   |   ff00::/8  |    ::   |   enp0s3  |   U   |Listening on Socket activation for snappy daemon.

[[0;32m  OK  [0m] Listening on LXD - unix socket.
[   67.617982] [[0;32m  OK  [0m] Started iSCSI initiator daemon (iscsid).
cloud-init[922]: ci-info: +-------+-------------+---------+-----------+-------+
[   68.061700]          cloud-initStarting Login to default iSCSI targets...[922]: 
Generating public/private rsa key pair.
[   68.229016] [cloud-init[0;32m  OK  [0m[922]: ] Your identification has been saved in /etc/ssh/ssh_host_rsa_key.
Reached target Sockets.
[[0;32m  OK  [0m] Reached target Basic System.
[   68.229509] cloud-init[922]: Your public key has been saved in /etc/ssh/ssh_host_rsa_key.pub.
[   68.576507] [cloud-init[0;32m  OK  [0m[922]: ] The key fingerprint is:Started Deferred execution scheduler.

[   68.577386] cloud-init[922]: SHA256:t/43UP76Q45+wTzDDitW79WX7gIf7kLXZuafhxIiJ9E root@ubuntu-xenial
[   68.796833]          cloud-initStarting Virtualbox guest utils...[922]: 
The key's randomart image is:
[   68.931284]          cloud-initStarting /etc/rc.local Compatibility...[922]: 
+---[RSA 2048]----+
[   69.025145]          cloud-initStarting LSB: Record successful boot for GRUB...[922]: 
|                 |
         Starting Pollinate to seed the pseudo random number generator...
[   69.099792] cloud-init[922]: |                 |
[   69.220293]          cloud-initStarting LXD - container startup/shutdown...[922]: 
|         .       |
[   69.369776]          cloud-initStarting Accounts Service...[922]: 
|        . E   .  |
[   69.481484] [cloud-init[0;32m  OK  [0m[922]: ] |        S..  o=  |Started ACPI event daemon.

[   69.482735] cloud-init[922]: |        o.o+o=.&o|
[   69.684452] [cloud-init[0;32m  OK  [0m[922]: ] |         +o.*o#+B|Started FUSE filesystem for LXC.

[   69.684948] [cloud-init[0;32m  OK  [0m[922]: ] |         . +.*=B*|Started Unattended Upgrades Shutdown.

[   69.810879] cloud-init[922]: |          o.*=*O*|
[   69.988834]          cloud-initStarting System Logging Service...[922]: 
+----[SHA256]-----+
[   70.120800] cloud-init[922]: Generating public/private dsa key pair.
         Starting Login Service...
[   70.122997] cloud-init[922]: Your identification has been saved in /etc/ssh/ssh_host_dsa_key.
[[0;32m  OK  [0m] Started Regular background program processing daemon.
[   70.357400] cloud-init[922]: Your public key has been saved in /etc/ssh/ssh_host_dsa_key.pub.
[   70.536600]          cloud-initStarting Snappy daemon...[922]: 
The key fingerprint is:
[   70.636851]          cloud-initStarting LSB: MD monitoring daemon...[922]: 
SHA256:2nqy4WZ2ckSXTo8BE4zrwPKrVkMFVYkslezj835kxHA root@ubuntu-xenial
[   70.757392] [cloud-init[922]: The key's randomart image is:[0;32m  OK  [0m
] Started D-Bus System Message Bus.
[   70.758182] cloud-init[922]: +---[DSA 1024]----+
[   70.948510] [cloud-init[0;32m  OK  [0m[922]: ] |    .*o*oo       |Started System Logging Service.

[   71.089626] [cloud-init[0;32m  OK  [0m[922]: ] |    . B * E      |Started Snappy daemon.

[   71.090649] cloud-init[922]: |   . + . * .     |
[   71.292991] [cloud-init[0;32m  OK  [0m[922]: ] |  . + + . B      |Started /etc/rc.local Compatibility.

[   71.293902] cloud-init[922]: |   + + oS= +     |
[   71.489283] [cloud-init[0;32m  OK  [0m[922]: ] |    + +o. = .    |Started Pollinate to seed the pseudo random number generator.

[   71.489878] [[0;32m  OK  [0m] Started LXD - container startup/shutdown.
cloud-init[922]: |   . oo+.o       |
[[0;32m  OK  [0m] Started Login to default iSCSI targets.
[[0;32m  OK  [0m] Started Virtualbox guest utils.
[   71.726954] cloud-init[922]: |  . ..*o= .      |
[   71.928515] [cloud-init[0;32m  OK  [0m[922]: ] | ... ++O..       |Started LSB: Record successful boot for GRUB.

[   71.929488] cloud-init[922]: +----[SHA256]-----+
[   72.112470] cloud-init[922]: Generating public/private ecdsa key pair.
[[   72.260794] [0;32m  OK  [0mcloud-init] [922]: Started LSB: MD monitoring daemon.Your identification has been saved in /etc/ssh/ssh_host_ecdsa_key.

[[0;32m  OK  [0m] Started Login Service.
[   72.456862] cloud-init[922]: Your public key has been saved in /etc/ssh/ssh_host_ecdsa_key.pub.
[   72.612407]          cloud-initStarting Authenticate and Authorize Users to Run Privileged Tasks...[922]: 
The key fingerprint is:
[   72.808384] [cloud-init[0;32m  OK  [0m[922]: ] SHA256:gtoJBq1dJtgbl7FURF0j/MJzI/YIeVCiVZ2/sDOabtk root@ubuntu-xenialReached target Remote File Systems (Pre).

[   73.020465] [cloud-init[0;32m  OK  [0m[922]: ] The key's randomart image is:Reached target Remote File Systems.

[   73.021034] cloud-init[922]: +---[ECDSA 256]---+
[   73.228517]          cloud-initStarting Permit User Sessions...[922]: 
|    o+*=+oo.     |
[   73.336341]          cloud-initStarting LSB: automatic crash report generation...[922]: 
| + . *..o.o.     |
[   73.481992]          cloud-initStarting LSB: Set the CPU Frequency Scaling governor to "ondemand"...[922]: 
|o = B  + . .     |
[   73.672622]          cloud-initStarting LSB: daemon  o balance interrupts for SMP systems...[922]: 
| + B .o B = .    |
[   73.808996]          cloud-initStarting OpenBSD Secure Shell server...[922]: 
|. = . .+SB + .   |
         Starting Wait until snapd is fully seeded...
[   73.879972] cloud-init[922]: | . + . .. = .    |
[   73.993000] [cloud-init[0;32m  OK  [0m[922]: ] |  . o    = o     |Started Permit User Sessions.

[   73.994515] cloud-init[922]: |        = E      |
[   74.165465] [cloud-init[0;32m  OK  [0m[922]: ] |       o.        |Started Authenticate and Authorize Users to Run Privileged Tasks.

[[0;32m  OK  [0m] Started OpenBSD Secure Shell server.
[   74.166094] cloud-init[922]: +----[SHA256]-----+
[   74.507621] [[0;32m  OK  [0m] Started Accounts Service.
cloud-init[922]: Generating public/private ed25519 key pair.
[   74.664543] [cloud-init[0;32m  OK  [0m[922]: ] Your identification has been saved in /etc/ssh/ssh_host_ed25519_key.Started LSB: Set the CPU Frequency Scaling governor to "ondemand".

[   74.928915] [cloud-init[0;32m  OK  [0m[922]: ] Your public key has been saved in /etc/ssh/ssh_host_ed25519_key.pub.Started LSB: automatic crash report generation.

[   74.929421] cloud-init[922]: The key fingerprint is:
[   75.220627]          cloud-initStarting Hold until boot process finishes up...[922]: 
SHA256:auq+CwmeJOUgkR8S+RWe02GnJdPjH/qm6BrXinnxoS8 root@ubuntu-xenial
[   75.433911]          cloud-initStarting Terminate Plymouth Boot Screen...[922]: 
The key's randomart image is:
[   75.573971] cloud-init[922]: +--[ED25519 256]--+
[[0;32m  OK  [0m] Started LSB: daemon to balance interrupts for SMP systems.
[   75.576571] cloud-init[922]: |o+  ..=.o        |
[   75.781725] [cloud-init[922]: |+....+ Bo        |[0;32m  OK  [0m
] Started Hold until boot process finishes up.
[   75.783681] cloud-init[922]: |o+.o+ o. .       |
[   75.956527] [cloud-init[0;32m  OK  [0m[922]: ] |.+o  .  . .      |Started Terminate Plymouth Boot Screen.

[   75.957691] cloud-init[922]: |o..     So .     |
[   76.156842] cloud-init[922]: |+...  .oo .      |
[   76.209040] cloud-init[922]: | oo . ++.o       |
[[   76.210007] cloud-init[922]: |   . BEo. o      |
[0;32m  OK  [0m] Created slice User Slice of vagrant.
[   76.211878] cloud-init[922]: |   oX*+ooo       |
[   76.488795] cloud-init[922]: +----[SHA256]-----+
[[0;32m  OK  [0m] Started Session 1 of user vagrant.
         Starting User Manager for UID 1000...
[[0;32m  OK  [0m] Started Serial Getty on ttyS0.
         Starting Set console scheme...
[[0;32m  OK  [0m] Started Getty on tty1.
[[0;32m  OK  [0m] Reached target Login Prompts.
[[0;32m  OK  [0m] Started User Manager for UID 1000.
[[0;32m  OK  [0m] Started Wait until snapd is fully seeded.
[[0;32m  OK  [0m] Started Set console scheme.
         Starting Apply the settings specified in cloud-config...
[[0;32m  OK  [0m] Reached target Multi-User System.
[[0;32m  OK  [0m] Reached target Graphical Interface.
         Starting Update UTMP about System Runlevel Changes...
[[0;32m  OK  [0m] Started Update UTMP about System Runlevel Changes.
[   78.326525] cloud-init[1256]: Generating locales (this might take a while)...
[   80.079286] cloud-init[1256]:   en_US.UTF-8... done
[   80.141348] cloud-init[1256]: Generation complete.
[   80.790542] cloud-init[1256]: Cloud-init v. 18.4-0ubuntu1~16.04.2 running 'modules:config' at Fri, 22 Feb 2019 22:48:08 +0000. Up 78.01 seconds.
[[0;32m  OK  [0m] Started Apply the settings specified in cloud-config.
         Starting Execute cloud user/final scripts...
ci-info: no authorized ssh keys fingerprints found for user ubuntu.
<14>Feb 22 22:48:12 ec2: 
<14>Feb 22 22:48:12 ec2: #############################################################
<14>Feb 22 22:48:12 ec2: -----BEGIN SSH HOST KEY FINGERPRINTS-----
<14>Feb 22 22:48:12 ec2: 1024 SHA256:2nqy4WZ2ckSXTo8BE4zrwPKrVkMFVYkslezj835kxHA root@ubuntu-xenial (DSA)
<14>Feb 22 22:48:12 ec2: 256 SHA256:gtoJBq1dJtgbl7FURF0j/MJzI/YIeVCiVZ2/sDOabtk root@ubuntu-xenial (ECDSA)
<14>Feb 22 22:48:12 ec2: 256 SHA256:auq+CwmeJOUgkR8S+RWe02GnJdPjH/qm6BrXinnxoS8 root@ubuntu-xenial (ED25519)
<14>Feb 22 22:48:12 ec2: 2048 SHA256:t/43UP76Q45+wTzDDitW79WX7gIf7kLXZuafhxIiJ9E root@ubuntu-xenial (RSA)
<14>Feb 22 22:48:12 ec2: -----END SSH HOST KEY FINGERPRINTS-----
<14>Feb 22 22:48:12 ec2: #############################################################
-----BEGIN SSH HOST KEY KEYS-----
ecdsa-sha2-nistp256 AAAAE2VjZHNhLXNoYTItbmlzdHAyNTYAAAAIbmlzdHAyNTYAAABBBMHiBV3aVPi5S0D6c3mXgx1sXDcJelg2YQ8S9UhF5Iy7d9rdxNApyM7JsXnyGQESzX7qmNnBOU2nK4qON1050pI= root@ubuntu-xenial
ssh-ed25519 AAAAC3NzaC1lZDI1NTE5AAAAIK2GaO0tzUxRDlu8Kka/vtZc+NKgVzzTWCta5kexqn55 root@ubuntu-xenial
ssh-rsa AAAAB3NzaC1yc2EAAAADAQABAAABAQC1mLhgHh4O1VK30zMDko/0hT5DdBYHJymieCn10VFjhGBsHS7oLmWdxQuiX4Mg/i1y4P11GMYd3wSmtjIob0BR5z2/PPkvWUje9yqaqKxLBxcYIjueA9fJ8gsdqsmPbrhreb9tCe6eVT0AuUT3NeQs+kN5A4TwBn0thPQcGd3tcn9NztXz6rOBf/FhzxB4C7+Zp/2llBc9DMoUldclTFQGWpWvYObGDmjDEnhO61xKvLWfkdARi078cJamPP+wCsTer7Iq9N6dfkGhGmLwy/vvVdtmm42Lqn+c1Wm5ORZ6UN9MpB3IrdqkokhhW9TbCC6RJ2Fgo7HD4NE+7IRly9WZ root@ubuntu-xenial
-----END SSH HOST KEY KEYS-----
[   81.914935] cloud-init[1460]: Cloud-init v. 18.4-0ubuntu1~16.04.2 running 'modules:final' at Fri, 22 Feb 2019 22:48:12 +0000. Up 81.65 seconds.
[   81.915106] cloud-init[1460]: ci-info: no authorized ssh keys fingerprints found for user ubuntu.
[   81.915221] cloud-init[1460]: Cloud-init v. 18.4-0ubuntu1~16.04.2 finished at Fri, 22 Feb 2019 22:48:12 +0000. Datasource DataSourceNoCloud [seed=/dev/sdb][dsmode=net].  Up 81.90 seconds

Ubuntu 16.04.5 LTS ubuntu-xenial ttyS0

ubuntu-xenial login: 